{"level":"info","message":"Loading Mongoose functionality","timestamp":"2017-12-11T15:28:42.980Z"}
{"level":"info","message":"loading models","timestamp":"2017-12-11T15:28:43.079Z"}
{"level":"info","message":"loading controllers","timestamp":"2017-12-11T15:28:43.214Z"}
{"level":"info","message":"Starting application","timestamp":"2017-12-11T15:28:46.609Z"}
{"level":"info","message":"Mongoose connected to the database","timestamp":"2017-12-11T15:28:46.722Z"}
{"level":"verbose","message":"Get todos ","timestamp":"2017-12-11T15:29:36.876Z"}
{"level":"verbose","message":"Get todos ","timestamp":"2017-12-11T15:36:57.147Z"}
{"level":"info","message":"Loading Mongoose functionality","timestamp":"2017-12-11T15:37:22.672Z"}
{"level":"info","message":"loading models","timestamp":"2017-12-11T15:37:22.691Z"}
{"level":"info","message":"loading controllers","timestamp":"2017-12-11T15:37:22.719Z"}
{"level":"info","message":"Starting application","timestamp":"2017-12-11T15:37:22.972Z"}
{"level":"info","message":"Mongoose connected to the database","timestamp":"2017-12-11T15:37:23.057Z"}
{"level":"verbose","message":"Get todos ","timestamp":"2017-12-11T15:38:08.432Z"}
{"level":"info","message":"Loading Mongoose functionality","timestamp":"2017-12-11T15:44:53.304Z"}
{"level":"info","message":"loading models","timestamp":"2017-12-11T15:44:53.321Z"}
{"level":"info","message":"loading controllers","timestamp":"2017-12-11T15:44:53.351Z"}
{"level":"info","message":"Starting application","timestamp":"2017-12-11T15:44:53.618Z"}
{"level":"info","message":"Mongoose connected to the database","timestamp":"2017-12-11T15:44:53.678Z"}
{"level":"verbose","message":"Get todos ","timestamp":"2017-12-11T15:45:06.343Z"}
{"level":"verbose","message":"Delete todos undefined","timestamp":"2017-12-11T15:45:08.699Z"}
{"level":"verbose","message":"Delete todos undefined","timestamp":"2017-12-11T15:45:09.274Z"}
{"level":"verbose","message":"Delete todos undefined","timestamp":"2017-12-11T15:45:10.199Z"}
{"level":"verbose","message":"create user undefined","timestamp":"2017-12-11T15:45:18.493Z"}
{"level":"info","message":"Loading Mongoose functionality","timestamp":"2017-12-11T23:20:41.973Z"}
{"level":"info","message":"loading models","timestamp":"2017-12-11T23:20:42.004Z"}
{"level":"info","message":"loading controllers","timestamp":"2017-12-11T23:20:42.030Z"}
{"level":"info","message":"Starting application","timestamp":"2017-12-11T23:20:42.243Z"}
{"level":"info","message":"Mongoose connected to the database","timestamp":"2017-12-11T23:20:42.277Z"}
{"level":"verbose","message":"Get todos ","timestamp":"2017-12-11T23:21:08.910Z"}
{"level":"verbose","message":"Delete todos undefined","timestamp":"2017-12-11T23:21:10.878Z"}
{"level":"verbose","message":"Delete todos undefined","timestamp":"2017-12-11T23:21:13.474Z"}
{"level":"verbose","message":"Delete todos undefined","timestamp":"2017-12-11T23:21:14.131Z"}
{"level":"info","message":"Loading Mongoose functionality","timestamp":"2017-12-11T23:36:52.601Z"}
{"level":"info","message":"loading models","timestamp":"2017-12-11T23:36:52.619Z"}
{"level":"info","message":"loading controllers","timestamp":"2017-12-11T23:36:52.648Z"}
{"level":"info","message":"Starting application","timestamp":"2017-12-11T23:36:52.809Z"}
{"level":"info","message":"Mongoose connected to the database","timestamp":"2017-12-11T23:36:52.849Z"}
