{"level":"verbose","message":"Get todos ","timestamp":"2017-12-05T00:00:13.750Z"}
{"level":"verbose","message":"Get todos ","timestamp":"2017-12-05T00:00:36.058Z"}
{"level":"verbose","message":"create user undefined","timestamp":"2017-12-05T00:00:45.688Z"}
{"level":"error","message":"ValidationError: Todo validation failed: Todo: Path `Todo` is required., user: Path `user` is required., priority: `low` is not a valid enum value for path `priority`.\n    at new ValidationError (C:\\Users\\strei\\OneDrive\\Documents\\Todo's\\ToDo\\server\\node_modules\\mongoose\\lib\\error\\validation.js:28:11)\n    at model.Document.invalidate (C:\\Users\\strei\\OneDrive\\Documents\\Todo's\\ToDo\\server\\node_modules\\mongoose\\lib\\document.js:1636:32)\n    at C:\\Users\\strei\\OneDrive\\Documents\\Todo's\\ToDo\\server\\node_modules\\mongoose\\lib\\document.js:1508:17\n    at validate (C:\\Users\\strei\\OneDrive\\Documents\\Todo's\\ToDo\\server\\node_modules\\mongoose\\lib\\schematype.js:779:7)\n    at C:\\Users\\strei\\OneDrive\\Documents\\Todo's\\ToDo\\server\\node_modules\\mongoose\\lib\\schematype.js:824:11\n    at Array.forEach (<anonymous>)\n    at SchemaString.SchemaType.doValidate (C:\\Users\\strei\\OneDrive\\Documents\\Todo's\\ToDo\\server\\node_modules\\mongoose\\lib\\schematype.js:784:19)\n    at C:\\Users\\strei\\OneDrive\\Documents\\Todo's\\ToDo\\server\\node_modules\\mongoose\\lib\\document.js:1506:9\n    at _combinedTickCallback (internal/process/next_tick.js:131:7)\n    at process._tickCallback (internal/process/next_tick.js:180:9)","timestamp":"2017-12-05T00:00:45.711Z"}
{"level":"verbose","message":"create user undefined","timestamp":"2017-12-05T00:00:47.212Z"}
{"level":"error","message":"ValidationError: Todo validation failed: Todo: Path `Todo` is required., user: Path `user` is required., priority: `low` is not a valid enum value for path `priority`.\n    at new ValidationError (C:\\Users\\strei\\OneDrive\\Documents\\Todo's\\ToDo\\server\\node_modules\\mongoose\\lib\\error\\validation.js:28:11)\n    at model.Document.invalidate (C:\\Users\\strei\\OneDrive\\Documents\\Todo's\\ToDo\\server\\node_modules\\mongoose\\lib\\document.js:1636:32)\n    at C:\\Users\\strei\\OneDrive\\Documents\\Todo's\\ToDo\\server\\node_modules\\mongoose\\lib\\document.js:1508:17\n    at validate (C:\\Users\\strei\\OneDrive\\Documents\\Todo's\\ToDo\\server\\node_modules\\mongoose\\lib\\schematype.js:779:7)\n    at C:\\Users\\strei\\OneDrive\\Documents\\Todo's\\ToDo\\server\\node_modules\\mongoose\\lib\\schematype.js:824:11\n    at Array.forEach (<anonymous>)\n    at SchemaString.SchemaType.doValidate (C:\\Users\\strei\\OneDrive\\Documents\\Todo's\\ToDo\\server\\node_modules\\mongoose\\lib\\schematype.js:784:19)\n    at C:\\Users\\strei\\OneDrive\\Documents\\Todo's\\ToDo\\server\\node_modules\\mongoose\\lib\\document.js:1506:9\n    at _combinedTickCallback (internal/process/next_tick.js:131:7)\n    at process._tickCallback (internal/process/next_tick.js:180:9)","timestamp":"2017-12-05T00:00:47.233Z"}
{"level":"verbose","message":"Get todos ","timestamp":"2017-12-05T00:02:41.296Z"}
{"level":"verbose","message":"Get todos ","timestamp":"2017-12-05T00:02:55.564Z"}
{"level":"verbose","message":"Get todos ","timestamp":"2017-12-05T00:05:12.825Z"}
{"level":"verbose","message":"Get todos ","timestamp":"2017-12-05T00:05:34.225Z"}
{"level":"verbose","message":"Get todos ","timestamp":"2017-12-05T00:06:54.132Z"}
{"level":"verbose","message":"Get todos ","timestamp":"2017-12-05T00:07:21.307Z"}
{"level":"verbose","message":"create user undefined","timestamp":"2017-12-05T00:07:47.173Z"}
{"level":"error","message":"ValidationError: Todo validation failed: Todo: Path `Todo` is required., user: Path `user` is required., priority: `high` is not a valid enum value for path `priority`.\n    at new ValidationError (C:\\Users\\strei\\OneDrive\\Documents\\Todo's\\ToDo\\server\\node_modules\\mongoose\\lib\\error\\validation.js:28:11)\n    at model.Document.invalidate (C:\\Users\\strei\\OneDrive\\Documents\\Todo's\\ToDo\\server\\node_modules\\mongoose\\lib\\document.js:1636:32)\n    at C:\\Users\\strei\\OneDrive\\Documents\\Todo's\\ToDo\\server\\node_modules\\mongoose\\lib\\document.js:1508:17\n    at validate (C:\\Users\\strei\\OneDrive\\Documents\\Todo's\\ToDo\\server\\node_modules\\mongoose\\lib\\schematype.js:779:7)\n    at C:\\Users\\strei\\OneDrive\\Documents\\Todo's\\ToDo\\server\\node_modules\\mongoose\\lib\\schematype.js:824:11\n    at Array.forEach (<anonymous>)\n    at SchemaString.SchemaType.doValidate (C:\\Users\\strei\\OneDrive\\Documents\\Todo's\\ToDo\\server\\node_modules\\mongoose\\lib\\schematype.js:784:19)\n    at C:\\Users\\strei\\OneDrive\\Documents\\Todo's\\ToDo\\server\\node_modules\\mongoose\\lib\\document.js:1506:9\n    at _combinedTickCallback (internal/process/next_tick.js:131:7)\n    at process._tickCallback (internal/process/next_tick.js:180:9)","timestamp":"2017-12-05T00:07:47.189Z"}
{"level":"verbose","message":"Get todos ","timestamp":"2017-12-05T00:07:55.970Z"}
{"level":"verbose","message":"Get todos ","timestamp":"2017-12-05T00:09:46.187Z"}
{"level":"verbose","message":"Get todos ","timestamp":"2017-12-05T00:09:52.161Z"}
{"level":"verbose","message":"create user undefined","timestamp":"2017-12-05T00:10:06.195Z"}
{"level":"error","message":"ValidationError: Todo validation failed: Todo: Path `Todo` is required., user: Path `user` is required., priority: `low` is not a valid enum value for path `priority`.\n    at new ValidationError (C:\\Users\\strei\\OneDrive\\Documents\\Todo's\\ToDo\\server\\node_modules\\mongoose\\lib\\error\\validation.js:28:11)\n    at model.Document.invalidate (C:\\Users\\strei\\OneDrive\\Documents\\Todo's\\ToDo\\server\\node_modules\\mongoose\\lib\\document.js:1636:32)\n    at C:\\Users\\strei\\OneDrive\\Documents\\Todo's\\ToDo\\server\\node_modules\\mongoose\\lib\\document.js:1508:17\n    at validate (C:\\Users\\strei\\OneDrive\\Documents\\Todo's\\ToDo\\server\\node_modules\\mongoose\\lib\\schematype.js:779:7)\n    at C:\\Users\\strei\\OneDrive\\Documents\\Todo's\\ToDo\\server\\node_modules\\mongoose\\lib\\schematype.js:824:11\n    at Array.forEach (<anonymous>)\n    at SchemaString.SchemaType.doValidate (C:\\Users\\strei\\OneDrive\\Documents\\Todo's\\ToDo\\server\\node_modules\\mongoose\\lib\\schematype.js:784:19)\n    at C:\\Users\\strei\\OneDrive\\Documents\\Todo's\\ToDo\\server\\node_modules\\mongoose\\lib\\document.js:1506:9\n    at _combinedTickCallback (internal/process/next_tick.js:131:7)\n    at process._tickCallback (internal/process/next_tick.js:180:9)","timestamp":"2017-12-05T00:10:06.213Z"}
{"level":"verbose","message":"Get todos ","timestamp":"2017-12-05T00:10:12.427Z"}
{"level":"verbose","message":"Get todos ","timestamp":"2017-12-05T00:10:23.166Z"}
{"level":"info","message":"Loading Mongoose functionality","timestamp":"2017-12-05T00:31:49.308Z"}
{"level":"info","message":"loading models","timestamp":"2017-12-05T00:31:49.324Z"}
{"level":"info","message":"loading controllers","timestamp":"2017-12-05T00:31:49.347Z"}
{"level":"info","message":"Starting application","timestamp":"2017-12-05T00:31:49.518Z"}
{"level":"info","message":"Loading Mongoose functionality","timestamp":"2017-12-05T00:32:42.980Z"}
{"level":"info","message":"loading models","timestamp":"2017-12-05T00:32:42.996Z"}
{"level":"info","message":"loading controllers","timestamp":"2017-12-05T00:32:43.021Z"}
{"level":"info","message":"Starting application","timestamp":"2017-12-05T00:32:43.193Z"}
{"level":"info","message":"Mongoose connected to the database","timestamp":"2017-12-05T00:32:43.228Z"}
{"level":"verbose","message":"Get todos ","timestamp":"2017-12-05T01:05:19.983Z"}
{"level":"verbose","message":"create user undefined","timestamp":"2017-12-05T01:05:23.930Z"}
{"level":"error","message":"ValidationError: Todo validation failed: Todo: Path `Todo` is required., user: Path `user` is required., priority: `low` is not a valid enum value for path `priority`.\n    at new ValidationError (C:\\Users\\strei\\OneDrive\\Documents\\Todo's\\ToDo\\server\\node_modules\\mongoose\\lib\\error\\validation.js:28:11)\n    at model.Document.invalidate (C:\\Users\\strei\\OneDrive\\Documents\\Todo's\\ToDo\\server\\node_modules\\mongoose\\lib\\document.js:1636:32)\n    at C:\\Users\\strei\\OneDrive\\Documents\\Todo's\\ToDo\\server\\node_modules\\mongoose\\lib\\document.js:1508:17\n    at validate (C:\\Users\\strei\\OneDrive\\Documents\\Todo's\\ToDo\\server\\node_modules\\mongoose\\lib\\schematype.js:779:7)\n    at C:\\Users\\strei\\OneDrive\\Documents\\Todo's\\ToDo\\server\\node_modules\\mongoose\\lib\\schematype.js:824:11\n    at Array.forEach (<anonymous>)\n    at SchemaString.SchemaType.doValidate (C:\\Users\\strei\\OneDrive\\Documents\\Todo's\\ToDo\\server\\node_modules\\mongoose\\lib\\schematype.js:784:19)\n    at C:\\Users\\strei\\OneDrive\\Documents\\Todo's\\ToDo\\server\\node_modules\\mongoose\\lib\\document.js:1506:9\n    at _combinedTickCallback (internal/process/next_tick.js:131:7)\n    at process._tickCallback (internal/process/next_tick.js:180:9)","timestamp":"2017-12-05T01:05:23.949Z"}
{"level":"verbose","message":"Get todos ","timestamp":"2017-12-05T01:05:31.504Z"}
