{"level":"info","message":"Loading Mongoose functionality","timestamp":"2017-12-01T00:37:09.426Z"}
{"level":"info","message":"loading models","timestamp":"2017-12-01T00:37:09.441Z"}
{"level":"info","message":"loading controllers","timestamp":"2017-12-01T00:37:09.467Z"}
{"level":"info","message":"Starting application","timestamp":"2017-12-01T00:37:09.709Z"}
{"level":"info","message":"Mongoose connected to the database","timestamp":"2017-12-01T00:37:09.756Z"}
{"level":"verbose","message":"create user undefined","timestamp":"2017-12-01T00:40:18.481Z"}
{"level":"error","message":"ValidationError: User validation failed: password: Path `password` is required., email: Path `email` is required., lastname: Path `lastname` is required., firstname: Path `firstname` is required.\n    at new ValidationError (C:\\Users\\strei\\OneDrive\\Documents\\Todo's\\ToDo\\server\\node_modules\\mongoose\\lib\\error\\validation.js:28:11)\n    at model.Document.invalidate (C:\\Users\\strei\\OneDrive\\Documents\\Todo's\\ToDo\\server\\node_modules\\mongoose\\lib\\document.js:1636:32)\n    at C:\\Users\\strei\\OneDrive\\Documents\\Todo's\\ToDo\\server\\node_modules\\mongoose\\lib\\document.js:1508:17\n    at validate (C:\\Users\\strei\\OneDrive\\Documents\\Todo's\\ToDo\\server\\node_modules\\mongoose\\lib\\schematype.js:779:7)\n    at C:\\Users\\strei\\OneDrive\\Documents\\Todo's\\ToDo\\server\\node_modules\\mongoose\\lib\\schematype.js:824:11\n    at Array.forEach (<anonymous>)\n    at SchemaString.SchemaType.doValidate (C:\\Users\\strei\\OneDrive\\Documents\\Todo's\\ToDo\\server\\node_modules\\mongoose\\lib\\schematype.js:784:19)\n    at C:\\Users\\strei\\OneDrive\\Documents\\Todo's\\ToDo\\server\\node_modules\\mongoose\\lib\\document.js:1506:9\n    at _combinedTickCallback (internal/process/next_tick.js:131:7)\n    at process._tickCallback (internal/process/next_tick.js:180:9)","timestamp":"2017-12-01T00:40:18.514Z"}
{"level":"verbose","message":"create user undefined","timestamp":"2017-12-01T00:57:22.661Z"}
{"level":"error","message":"ValidationError: User validation failed: password: Path `password` is required., email: Path `email` is required., lastname: Path `lastname` is required., firstname: Path `firstname` is required.\n    at new ValidationError (C:\\Users\\strei\\OneDrive\\Documents\\Todo's\\ToDo\\server\\node_modules\\mongoose\\lib\\error\\validation.js:28:11)\n    at model.Document.invalidate (C:\\Users\\strei\\OneDrive\\Documents\\Todo's\\ToDo\\server\\node_modules\\mongoose\\lib\\document.js:1636:32)\n    at C:\\Users\\strei\\OneDrive\\Documents\\Todo's\\ToDo\\server\\node_modules\\mongoose\\lib\\document.js:1508:17\n    at validate (C:\\Users\\strei\\OneDrive\\Documents\\Todo's\\ToDo\\server\\node_modules\\mongoose\\lib\\schematype.js:779:7)\n    at C:\\Users\\strei\\OneDrive\\Documents\\Todo's\\ToDo\\server\\node_modules\\mongoose\\lib\\schematype.js:824:11\n    at Array.forEach (<anonymous>)\n    at SchemaString.SchemaType.doValidate (C:\\Users\\strei\\OneDrive\\Documents\\Todo's\\ToDo\\server\\node_modules\\mongoose\\lib\\schematype.js:784:19)\n    at C:\\Users\\strei\\OneDrive\\Documents\\Todo's\\ToDo\\server\\node_modules\\mongoose\\lib\\document.js:1506:9\n    at _combinedTickCallback (internal/process/next_tick.js:131:7)\n    at process._tickCallback (internal/process/next_tick.js:180:9)","timestamp":"2017-12-01T00:57:22.674Z"}
{"level":"verbose","message":"create user undefined","timestamp":"2017-12-01T00:59:45.760Z"}
{"level":"error","message":"ValidationError: User validation failed: password: Path `password` is required., email: Path `email` is required., lastname: Path `lastname` is required., firstname: Path `firstname` is required.\n    at new ValidationError (C:\\Users\\strei\\OneDrive\\Documents\\Todo's\\ToDo\\server\\node_modules\\mongoose\\lib\\error\\validation.js:28:11)\n    at model.Document.invalidate (C:\\Users\\strei\\OneDrive\\Documents\\Todo's\\ToDo\\server\\node_modules\\mongoose\\lib\\document.js:1636:32)\n    at C:\\Users\\strei\\OneDrive\\Documents\\Todo's\\ToDo\\server\\node_modules\\mongoose\\lib\\document.js:1508:17\n    at validate (C:\\Users\\strei\\OneDrive\\Documents\\Todo's\\ToDo\\server\\node_modules\\mongoose\\lib\\schematype.js:779:7)\n    at C:\\Users\\strei\\OneDrive\\Documents\\Todo's\\ToDo\\server\\node_modules\\mongoose\\lib\\schematype.js:824:11\n    at Array.forEach (<anonymous>)\n    at SchemaString.SchemaType.doValidate (C:\\Users\\strei\\OneDrive\\Documents\\Todo's\\ToDo\\server\\node_modules\\mongoose\\lib\\schematype.js:784:19)\n    at C:\\Users\\strei\\OneDrive\\Documents\\Todo's\\ToDo\\server\\node_modules\\mongoose\\lib\\document.js:1506:9\n    at _combinedTickCallback (internal/process/next_tick.js:131:7)\n    at process._tickCallback (internal/process/next_tick.js:180:9)","timestamp":"2017-12-01T00:59:45.773Z"}
{"level":"info","message":"Loading Mongoose functionality","timestamp":"2017-12-01T01:00:24.204Z"}
{"level":"info","message":"loading models","timestamp":"2017-12-01T01:00:24.220Z"}
{"level":"info","message":"loading controllers","timestamp":"2017-12-01T01:00:24.250Z"}
{"level":"info","message":"Starting application","timestamp":"2017-12-01T01:00:24.540Z"}
{"level":"info","message":"Mongoose connected to the database","timestamp":"2017-12-01T01:00:24.598Z"}
{"level":"info","message":"Loading Mongoose functionality","timestamp":"2017-12-01T01:01:05.745Z"}
{"level":"info","message":"loading models","timestamp":"2017-12-01T01:01:05.770Z"}
{"level":"info","message":"loading controllers","timestamp":"2017-12-01T01:01:05.817Z"}
{"level":"info","message":"Starting application","timestamp":"2017-12-01T01:01:06.102Z"}
{"level":"info","message":"Mongoose connected to the database","timestamp":"2017-12-01T01:01:06.163Z"}
{"level":"verbose","message":"create user undefined","timestamp":"2017-12-01T01:01:29.553Z"}
{"level":"error","message":"ValidationError: User validation failed: password: Path `password` is required., email: Path `email` is required., lastname: Path `lastname` is required., firstname: Path `firstname` is required.\n    at new ValidationError (C:\\Users\\strei\\OneDrive\\Documents\\Todo's\\ToDo\\server\\node_modules\\mongoose\\lib\\error\\validation.js:28:11)\n    at model.Document.invalidate (C:\\Users\\strei\\OneDrive\\Documents\\Todo's\\ToDo\\server\\node_modules\\mongoose\\lib\\document.js:1636:32)\n    at C:\\Users\\strei\\OneDrive\\Documents\\Todo's\\ToDo\\server\\node_modules\\mongoose\\lib\\document.js:1508:17\n    at validate (C:\\Users\\strei\\OneDrive\\Documents\\Todo's\\ToDo\\server\\node_modules\\mongoose\\lib\\schematype.js:779:7)\n    at C:\\Users\\strei\\OneDrive\\Documents\\Todo's\\ToDo\\server\\node_modules\\mongoose\\lib\\schematype.js:824:11\n    at Array.forEach (<anonymous>)\n    at SchemaString.SchemaType.doValidate (C:\\Users\\strei\\OneDrive\\Documents\\Todo's\\ToDo\\server\\node_modules\\mongoose\\lib\\schematype.js:784:19)\n    at C:\\Users\\strei\\OneDrive\\Documents\\Todo's\\ToDo\\server\\node_modules\\mongoose\\lib\\document.js:1506:9\n    at _combinedTickCallback (internal/process/next_tick.js:131:7)\n    at process._tickCallback (internal/process/next_tick.js:180:9)","timestamp":"2017-12-01T01:01:29.586Z"}
{"level":"info","message":"Loading Mongoose functionality","timestamp":"2017-12-01T01:01:52.374Z"}
{"level":"info","message":"loading models","timestamp":"2017-12-01T01:01:52.389Z"}
{"level":"info","message":"loading controllers","timestamp":"2017-12-01T01:01:52.415Z"}
{"level":"info","message":"Starting application","timestamp":"2017-12-01T01:01:52.661Z"}
{"level":"info","message":"Mongoose connected to the database","timestamp":"2017-12-01T01:01:52.701Z"}
{"level":"verbose","message":"create user undefined","timestamp":"2017-12-01T01:03:36.562Z"}
{"level":"error","message":"ValidationError: User validation failed: password: Path `password` is required., email: Path `email` is required., lastname: Path `lastname` is required., firstname: Path `firstname` is required.\n    at new ValidationError (C:\\Users\\strei\\OneDrive\\Documents\\Todo's\\ToDo\\server\\node_modules\\mongoose\\lib\\error\\validation.js:28:11)\n    at model.Document.invalidate (C:\\Users\\strei\\OneDrive\\Documents\\Todo's\\ToDo\\server\\node_modules\\mongoose\\lib\\document.js:1636:32)\n    at C:\\Users\\strei\\OneDrive\\Documents\\Todo's\\ToDo\\server\\node_modules\\mongoose\\lib\\document.js:1508:17\n    at validate (C:\\Users\\strei\\OneDrive\\Documents\\Todo's\\ToDo\\server\\node_modules\\mongoose\\lib\\schematype.js:779:7)\n    at C:\\Users\\strei\\OneDrive\\Documents\\Todo's\\ToDo\\server\\node_modules\\mongoose\\lib\\schematype.js:824:11\n    at Array.forEach (<anonymous>)\n    at SchemaString.SchemaType.doValidate (C:\\Users\\strei\\OneDrive\\Documents\\Todo's\\ToDo\\server\\node_modules\\mongoose\\lib\\schematype.js:784:19)\n    at C:\\Users\\strei\\OneDrive\\Documents\\Todo's\\ToDo\\server\\node_modules\\mongoose\\lib\\document.js:1506:9\n    at _combinedTickCallback (internal/process/next_tick.js:131:7)\n    at process._tickCallback (internal/process/next_tick.js:180:9)","timestamp":"2017-12-01T01:03:36.593Z"}
{"level":"verbose","message":"create user undefined","timestamp":"2017-12-01T01:03:36.614Z"}
{"level":"error","message":"ValidationError: User validation failed: password: Path `password` is required., email: Path `email` is required., lastname: Path `lastname` is required., firstname: Path `firstname` is required.\n    at new ValidationError (C:\\Users\\strei\\OneDrive\\Documents\\Todo's\\ToDo\\server\\node_modules\\mongoose\\lib\\error\\validation.js:28:11)\n    at model.Document.invalidate (C:\\Users\\strei\\OneDrive\\Documents\\Todo's\\ToDo\\server\\node_modules\\mongoose\\lib\\document.js:1636:32)\n    at C:\\Users\\strei\\OneDrive\\Documents\\Todo's\\ToDo\\server\\node_modules\\mongoose\\lib\\document.js:1508:17\n    at validate (C:\\Users\\strei\\OneDrive\\Documents\\Todo's\\ToDo\\server\\node_modules\\mongoose\\lib\\schematype.js:779:7)\n    at C:\\Users\\strei\\OneDrive\\Documents\\Todo's\\ToDo\\server\\node_modules\\mongoose\\lib\\schematype.js:824:11\n    at Array.forEach (<anonymous>)\n    at SchemaString.SchemaType.doValidate (C:\\Users\\strei\\OneDrive\\Documents\\Todo's\\ToDo\\server\\node_modules\\mongoose\\lib\\schematype.js:784:19)\n    at C:\\Users\\strei\\OneDrive\\Documents\\Todo's\\ToDo\\server\\node_modules\\mongoose\\lib\\document.js:1506:9\n    at _combinedTickCallback (internal/process/next_tick.js:131:7)\n    at process._tickCallback (internal/process/next_tick.js:180:9)","timestamp":"2017-12-01T01:03:36.625Z"}
{"level":"info","message":"Loading Mongoose functionality","timestamp":"2017-12-01T01:04:58.079Z"}
{"level":"info","message":"loading models","timestamp":"2017-12-01T01:04:58.095Z"}
{"level":"info","message":"loading controllers","timestamp":"2017-12-01T01:04:58.125Z"}
{"level":"info","message":"Starting application","timestamp":"2017-12-01T01:04:58.461Z"}
{"level":"info","message":"Mongoose connected to the database","timestamp":"2017-12-01T01:04:58.508Z"}
